<?xml version="1.0" encoding="UTF-8"?>
<!-- Generated by org.testng.reporters.JUnitReportReporter -->
<testsuite skipped="0" hostname="AUTOMATION-MACs-iMac.local" name="SeleniumFramework.ErrorValidationTest" tests="1" failures="0" timestamp="2023-02-08T15:02:26 IST" time="6.558" errors="0">
  <testcase name="submitOrder" time="6.558" classname="SeleniumFramework.ErrorValidationTest"/>
  <system-out/>
</testsuite> <!-- SeleniumFramework.ErrorValidationTest -->
