<?xml version="1.0" encoding="UTF-8"?>
<!-- Generated by org.testng.reporters.JUnitReportReporter -->
<testsuite skipped="0" hostname="AUTOMATION-MACs-iMac.local" name="SeleniumFramework.StandAloneTest" tests="3" failures="0" timestamp="2023-02-08T15:02:26 IST" time="34.981" errors="0">
  <testcase name="submitOrder" time="11.597" classname="SeleniumFramework.StandAloneTest"/>
  <system-out/>
  <testcase name="submitOrder" time="11.631" classname="SeleniumFramework.StandAloneTest"/>
  <system-out/>
  <testcase name="submitOrder" time="11.753" classname="SeleniumFramework.StandAloneTest"/>
  <system-out/>
</testsuite> <!-- SeleniumFramework.StandAloneTest -->
